<?xml version="1.0" encoding="UTF-8"?>
<!-- Generated by org.testng.reporters.JUnitXMLReporter -->
<testsuite hostname="LAPTOP-Q3S8RENO" ignored="0" name="Test" tests="9" failures="1" timestamp="28 Oct 2019 21:05:49 GMT" time="0.094" errors="0">
  <testcase name="f" time="0.0" classname="seleniumpractice.Test1"/>
  <testcase name="f" time="0.0" classname="seleniumpractice.Test1"/>
  <testcase name="test1" time="0.0" classname="seleniumpractice.Test1"/>
  <testcase name="test2" time="0.0" classname="seleniumpractice.Test1"/>
  <testcase name="test3" time="0.0" classname="seleniumpractice.Test1"/>
  <testcase name="Test4" time="0.0" classname="seleniumpractice.Test2"/>
  <testcase name="Test5" time="0.0" classname="seleniumpractice.Test2"/>
  <testcase name="firsttest" time="0.0" classname="seleniumpractice.Test3"/>
  <testcase name="secondtest" time="0.016" classname="seleniumpractice.Test3">
    <failure type="java.lang.AssertionError" message="The following asserts failed:
	expected [abc1] but found [abc]">
      <![CDATA[java.lang.AssertionError: The following asserts failed:
expected [abc1] but found [abc]
at seleniumpractice.Test3.secondtest(Test3.java:32)
... Removed 25 stack frames]]>
    </failure>
  </testcase> <!-- secondtest -->
</testsuite> <!-- Test -->
