<?xml version="1.0" encoding="UTF-8"?>
<!-- Generated by org.testng.reporters.JUnitXMLReporter -->
<testsuite hostname="LAPTOP-Q3S8RENO" ignored="0" name="Test" tests="10" failures="1" timestamp="03 Nov 2019 05:51:11 GMT" time="0.298" errors="0">
  <testcase name="f" time="0.016" classname="com.testing.Testing1"/>
  <testcase name="f" time="0.0" classname="com.testing.Testing1"/>
  <testcase name="test1" time="0.015" classname="com.testing.Testing1"/>
  <testcase name="test2" time="0.016" classname="com.testing.Testing1"/>
  <testcase name="test3" time="0.0" classname="com.testing.Testing1"/>
  <testcase name="testing4" time="0.016" classname="com.testing.Testing2"/>
  <testcase name="testing5" time="0.0" classname="com.testing.Testing2"/>
  <testcase name="homeTest" time="0.0" classname="com.testing.Testing3"/>
  <testcase name="mainTest" time="0.015" classname="com.testing.Testing3">
    <failure type="java.lang.AssertionError" message="The following asserts failed:
	expected [verifying element] but found [true]">
      <![CDATA[java.lang.AssertionError: The following asserts failed:
expected [verifying element] but found [true]
at com.testing.Testing3.mainTest(Testing3.java:27)
... Removed 26 stack frames]]>
    </failure>
  </testcase> <!-- mainTest -->
  <testcase name="endTest" time="0.0" classname="com.testing.Testing3">
    <skipped/>
  </testcase> <!-- endTest -->
</testsuite> <!-- Test -->
